Unsupposrted library path: C:\Users\calulu\Desktop\giochji\minecraft\mods\1.12.2\Mods\LE MIE MODS\stoneArmour\build\classes\api
Unsupposrted library path: C:\Users\calulu\Desktop\giochji\minecraft\mods\1.12.2\Mods\LE MIE MODS\stoneArmour\build\resources\api
Symbol range map extraction starting
Processing 10 files
startProcessing "com/calu/stoneArmour/Main.java" md5: 9ae4e4eff0cdefbef6574f953ba67be9
endProcessing "com/calu/stoneArmour/Main.java"

startProcessing "com/calu/stoneArmour/init/ModItems.java" md5: 761b884b1d5aaaa7e139f95f4c74be71
endProcessing "com/calu/stoneArmour/init/ModItems.java"

startProcessing "com/calu/stoneArmour/init/ModRecipes.java" md5: 0060e2e75ea1993ea9b991dfb315d3ba
endProcessing "com/calu/stoneArmour/init/ModRecipes.java"

startProcessing "com/calu/stoneArmour/items/ItemBase.java" md5: 07cf934016e77b8bc2b8783b89712125
endProcessing "com/calu/stoneArmour/items/ItemBase.java"

startProcessing "com/calu/stoneArmour/items/armor/ArmorBase.java" md5: b4d8a2dc63a957672c32d9e17af129d1
endProcessing "com/calu/stoneArmour/items/armor/ArmorBase.java"

startProcessing "com/calu/stoneArmour/proxy/ClientProxy.java" md5: 226ea4329be43c6ca4e8e9aa1025b039
endProcessing "com/calu/stoneArmour/proxy/ClientProxy.java"

startProcessing "com/calu/stoneArmour/proxy/CommonProxy.java" md5: 1402b4ccf9fe7cd0482a7bd306f30b70
endProcessing "com/calu/stoneArmour/proxy/CommonProxy.java"

startProcessing "com/calu/stoneArmour/util/IHasModel.java" md5: 2dcf54b9ee786e1df733934fb9b763cf
endProcessing "com/calu/stoneArmour/util/IHasModel.java"

startProcessing "com/calu/stoneArmour/util/Reference.java" md5: 727c556c738e9c04e132f6609c25b2da
endProcessing "com/calu/stoneArmour/util/Reference.java"

startProcessing "com/calu/stoneArmour/util/handler/RegistryHandler.java" md5: b2a08defa8905f66a10c766a09e989f3
endProcessing "com/calu/stoneArmour/util/handler/RegistryHandler.java"

