Processing 10 files
Start Processing: com/calu/stoneArmour/Main.java
Import: com.calu.stoneArmour.init.ModRecipes
Import: com.calu.stoneArmour.proxy.CommonProxy
Import: com.calu.stoneArmour.util.Reference
Adding 7 imports
        net.minecraftforge.fml.common.Mod
        net.minecraftforge.fml.common.Mod.EventHandler
        net.minecraftforge.fml.common.Mod.Instance
        net.minecraftforge.fml.common.SidedProxy
        net.minecraftforge.fml.common.event.FMLInitializationEvent
        net.minecraftforge.fml.common.event.FMLPostInitializationEvent
        net.minecraftforge.fml.common.event.FMLPreInitializationEvent
End  Processing: com/calu/stoneArmour/Main.java

Start Processing: com/calu/stoneArmour/init/ModItems.java
Rename field net/minecraft/init/SoundEvents/ITEM_ARMOR_EQUIP_CHAIN[842,864]::ITEM_ARMOR_EQUIP_CHAIN->field_187713_n
Import: java.util.ArrayList
Import: java.util.List
Adding 7 imports
        com.calu.stoneArmour.items.armor.ArmorBase
        com.calu.stoneArmour.util.Reference
        net.minecraft.init.SoundEvents
        net.minecraft.inventory.EntityEquipmentSlot
        net.minecraft.item.Item
        net.minecraft.item.ItemArmor.ArmorMaterial
        net.minecraftforge.common.util.EnumHelper
End  Processing: com/calu/stoneArmour/init/ModItems.java

Start Processing: com/calu/stoneArmour/init/ModRecipes.java
Rename field net/minecraft/init/Blocks/STONE[304,309]::STONE->field_150348_b
Rename field net/minecraft/init/Blocks/STONE[406,411]::STONE->field_150348_b
Rename field net/minecraft/init/Blocks/STONE[505,510]::STONE->field_150348_b
Rename field net/minecraft/init/Blocks/STONE[602,607]::STONE->field_150348_b
Import: net.minecraft.init.Blocks
Import: net.minecraft.item.ItemStack
Import: net.minecraftforge.fml.common.registry.GameRegistry
End  Processing: com/calu/stoneArmour/init/ModRecipes.java

Start Processing: com/calu/stoneArmour/items/ItemBase.java
FOUND CONSTR method com/calu/stoneArmour/items/ItemBase/ItemBase (Ljava/lang/String;)V com/calu/stoneArmour/items/ItemBase
Rename method net/minecraft/item/Item/setUnlocalizedName (Ljava/lang/String;)Lnet/minecraft/item/Item;[345,363]::setUnlocalizedName->func_77655_b
Rename method net/minecraft/item/Item/setCreativeTab (Lnet/minecraft/creativetab/CreativeTabs;)Lnet/minecraft/item/Item;[394,408]::setCreativeTab->func_77637_a
Rename field net/minecraft/creativetab/CreativeTabs/COMBAT[420,426]::COMBAT->field_78037_j
Import: com.calu.stoneArmour.Main
Import: com.calu.stoneArmour.init.ModItems
Import: com.calu.stoneArmour.util.IHasModel
Adding 2 imports
        net.minecraft.creativetab.CreativeTabs
        net.minecraft.item.Item
End  Processing: com/calu/stoneArmour/items/ItemBase.java

Start Processing: com/calu/stoneArmour/items/armor/ArmorBase.java
FOUND CONSTR method com/calu/stoneArmour/items/armor/ArmorBase/ArmorBase (Ljava/lang/String;Lnet/minecraft/item/ItemArmor$ArmorMaterial;ILnet/minecraft/inventory/EntityEquipmentSlot;)V com/calu/stoneArmour/items/armor/ArmorBase
Rename method net/minecraft/item/Item/setUnlocalizedName (Ljava/lang/String;)Lnet/minecraft/item/Item;[592,610]::setUnlocalizedName->func_77655_b
Import: com.calu.stoneArmour.Main
Import: com.calu.stoneArmour.init.ModItems
Import: com.calu.stoneArmour.util.IHasModel
Adding 3 imports
        net.minecraft.inventory.EntityEquipmentSlot
        net.minecraft.item.ItemArmor
        net.minecraft.item.ItemArmor.ArmorMaterial
End  Processing: com/calu/stoneArmour/items/armor/ArmorBase.java

Start Processing: com/calu/stoneArmour/proxy/ClientProxy.java
Import: net.minecraft.client.renderer.block.model.ModelResourceLocation
Import: net.minecraft.item.Item
Import: net.minecraftforge.client.model.ModelLoader
End  Processing: com/calu/stoneArmour/proxy/ClientProxy.java

Start Processing: com/calu/stoneArmour/proxy/CommonProxy.java
Import: net.minecraft.item.Item
End  Processing: com/calu/stoneArmour/proxy/CommonProxy.java

Start Processing: com/calu/stoneArmour/util/IHasModel.java
End  Processing: com/calu/stoneArmour/util/IHasModel.java

Start Processing: com/calu/stoneArmour/util/Reference.java
End  Processing: com/calu/stoneArmour/util/Reference.java

Start Processing: com/calu/stoneArmour/util/handler/RegistryHandler.java
New Key: class net/minecraftforge/event/RegistryEvent
Import: com.calu.stoneArmour.init.ModItems
Import: com.calu.stoneArmour.util.IHasModel
Adding 5 imports
        net.minecraft.item.Item
        net.minecraftforge.client.event.ModelRegistryEvent
        net.minecraftforge.event.RegistryEvent
        net.minecraftforge.fml.common.Mod.EventBusSubscriber
        net.minecraftforge.fml.common.eventhandler.SubscribeEvent
End  Processing: com/calu/stoneArmour/util/handler/RegistryHandler.java

